#
# A fatal error has been detected by the Java Runtime Environment:
#
#  EXCEPTION_ACCESS_VIOLATION (0xc0000005) at pc=0x000000005e4a1a69, pid=9740, tid=11852
#
# JRE version: Java(TM) SE Runtime Environment (7.0_80-b15) (build 1.7.0_80-b15)
# Java VM: Java HotSpot(TM) 64-Bit Server VM (24.80-b11 mixed mode windows-amd64 compressed oops)
# Problematic frame:
# V  [jvm.dll+0x121a69]
#
# Failed to write core dump. Minidumps are not enabled by default on client versions of Windows
#
# If you would like to submit a bug report, please visit:
#   http://bugreport.java.com/bugreport/crash.jsp
#

---------------  T H R E A D  ---------------

Current thread (0x000000000222d800):  JavaThread "main" [_thread_in_vm, id=11852, stack(0x00000000020a0000,0x00000000021a0000)]

siginfo: ExceptionCode=0xc0000005, reading address 0x0000000000000000

Registers:
RAX=0x0000000000000000, RBX=0x000000000222d800, RCX=0x000000000222d800, RDX=0x00000007c0781690
RSP=0x000000000219ec90, RBP=0x000000000cc7c800, RSI=0x0000000000000000, RDI=0x0000000000000000
R8 =0x0000000000000000, R9 =0x000000005ea7af80, R10=0x000000000222d800, R11=0x0000000000000200
R12=0x00052bf123cfddaf, R13=0x000000000cbc35e8, R14=0x000000000cc7c800, R15=0x000000000219f0b0
RIP=0x000000005e4a1a69, EFLAGS=0x0000000000010202

Top of Stack: (sp=0x000000000219ec90)
0x000000000219ec90:   00052bf123cfddaf 000000005e49aad6
0x000000000219eca0:   000000000222d800 000000000cc7c800
0x000000000219ecb0:   000000000cbc35f8 00000007c0781690
0x000000000219ecc0:   000000000222d800 000000000222e448
0x000000000219ecd0:   00000000000002cd 000000005e909080
0x000000000219ece0:   0000000000000000 00007ff84bec5204
0x000000000219ecf0:   000000000222d9e8 000000000cc7c800
0x000000000219ed00:   0000000000000000 000000000cc7c800
0x000000000219ed10:   000000000222d9e8 fffffffffffffffe
0x000000000219ed20:   000000000cc52ab0 000000000cc20054
0x000000000219ed30:   0000000000000011 000000000000001f
0x000000000219ed40:   00052bf123cfddaf 0000684e0d475445
0x000000000219ed50:   000000000cbc35d8 00007ff84bec57c5
0x000000000219ed60:   000000000222d9e8 000000000cbd3e60
0x000000000219ed70:   000000000222d9e8 000000000cc7c800
0x000000000219ed80:   000000000cbd3e60 000000000cc7c800 

Instructions: (pc=0x000000005e4a1a69)
0x000000005e4a1a49:   8b 0e 45 33 c0 33 d2 48 8b cb c6 44 24 28 01 48
0x000000005e4a1a59:   89 74 24 20 e8 4e 94 06 00 40 38 3d a7 87 63 00
0x000000005e4a1a69:   48 8b 06 48 63 4e 10 48 8b 50 78 74 1b 8b 0c 11
0x000000005e4a1a79:   85 c9 74 18 8b f9 8b 0d 33 8e 5d 00 48 d3 e7 48 


Register to memory mapping:

RAX=0x0000000000000000 is an unknown value
RBX=0x000000000222d800 is a thread
RCX=0x000000000222d800 is a thread
RDX=0x00000007c0781690 is an oop
java.lang.NoSuchFieldError 
 - klass: 'java/lang/NoSuchFieldError'
RSP=0x000000000219ec90 is pointing into the stack for thread: 0x000000000222d800
RBP=0x000000000cc7c800 is an unknown value
RSI=0x0000000000000000 is an unknown value
RDI=0x0000000000000000 is an unknown value
R8 =0x0000000000000000 is an unknown value
R9 =0x000000005ea7af80 is an unknown value
R10=0x000000000222d800 is a thread
R11=0x0000000000000200 is an unknown value
R12=0x00052bf123cfddaf is an unknown value
R13=0x000000000cbc35e8 is an unknown value
R14=0x000000000cc7c800 is an unknown value
R15=0x000000000219f0b0 is pointing into the stack for thread: 0x000000000222d800


Stack: [0x00000000020a0000,0x00000000021a0000],  sp=0x000000000219ec90,  free space=1019k
Native frames: (J=compiled Java code, j=interpreted, Vv=VM code, C=native code)
V  [jvm.dll+0x121a69]

Java frames: (J=compiled Java code, j=interpreted, Vv=VM code)
j  com.thalmic.myo.Hub.run(I)V+0
j  com.example.HelloMyo.main([Ljava/lang/String;)V+32
v  ~StubRoutines::call_stub

---------------  P R O C E S S  ---------------

Java Threads: ( => current thread )
  0x000000000cc3b800 JavaThread "Service Thread" daemon [_thread_blocked, id=5168, stack(0x000000000ea10000,0x000000000eb10000)]
  0x000000000cc3a800 JavaThread "C2 CompilerThread1" daemon [_thread_blocked, id=12868, stack(0x000000000e910000,0x000000000ea10000)]
  0x000000000cc3a000 JavaThread "C2 CompilerThread0" daemon [_thread_blocked, id=2212, stack(0x000000000e810000,0x000000000e910000)]
  0x000000000cc1c800 JavaThread "JDWP Command Reader" daemon [_thread_in_native, id=428, stack(0x000000000e710000,0x000000000e810000)]
  0x000000000cc19800 JavaThread "JDWP Event Helper Thread" daemon [_thread_blocked, id=9124, stack(0x000000000e610000,0x000000000e710000)]
  0x000000000cc0c000 JavaThread "JDWP Transport Listener: dt_socket" daemon [_thread_blocked, id=13220, stack(0x000000000e190000,0x000000000e290000)]
  0x000000000cc06000 JavaThread "Attach Listener" daemon [_thread_blocked, id=4248, stack(0x000000000e090000,0x000000000e190000)]
  0x000000000cc03000 JavaThread "Signal Dispatcher" daemon [_thread_blocked, id=11096, stack(0x000000000df90000,0x000000000e090000)]
  0x000000000cbd1800 JavaThread "Finalizer" daemon [_thread_blocked, id=11596, stack(0x000000000de90000,0x000000000df90000)]
  0x000000000cbc7000 JavaThread "Reference Handler" daemon [_thread_blocked, id=1040, stack(0x000000000dd90000,0x000000000de90000)]
=>0x000000000222d800 JavaThread "main" [_thread_in_vm, id=11852, stack(0x00000000020a0000,0x00000000021a0000)]

Other Threads:
  0x000000000cbc0800 VMThread [stack: 0x000000000dc90000,0x000000000dd90000] [id=11380]
  0x000000000cc2e000 WatcherThread [stack: 0x000000000eb10000,0x000000000ec10000] [id=13140]

VM state:not at safepoint (normal execution)

VM Mutex/Monitor currently owned by a thread: None

Heap
 PSYoungGen      total 57344K, used 2980K [0x00000007c0700000, 0x00000007c4680000, 0x0000000800000000)
  eden space 49664K, 6% used [0x00000007c0700000,0x00000007c09e9058,0x00000007c3780000)
  from space 7680K, 0% used [0x00000007c3f00000,0x00000007c3f00000,0x00000007c4680000)
  to   space 7680K, 0% used [0x00000007c3780000,0x00000007c3780000,0x00000007c3f00000)
 ParOldGen       total 130048K, used 0K [0x0000000741600000, 0x0000000749500000, 0x00000007c0700000)
  object space 130048K, 0% used [0x0000000741600000,0x0000000741600000,0x0000000749500000)
 PSPermGen       total 21504K, used 2740K [0x000000073c400000, 0x000000073d900000, 0x0000000741600000)
  object space 21504K, 12% used [0x000000073c400000,0x000000073c6ad210,0x000000073d900000)

Card table byte_map: [0x0000000005460000,0x0000000005a80000] byte_map_base: 0x0000000001a7e000

Polling page: 0x0000000000430000

Code Cache  [0x00000000023a0000, 0x0000000002610000, 0x00000000053a0000)
 total_blobs=161 nmethods=0 adapters=137 free_code_cache=48774Kb largest_free_block=49945088

Compilation events (0 events):
No events

GC Heap History (0 events):
No events

Deoptimization events (0 events):
No events

Internal exceptions (10 events):
Event: 29.116 Thread 0x000000000222d800 Threw 0x00000007c0771ea0 at C:\re\jdk7u80\2329\hotspot\src\share\vm\prims\jvm.cpp:1319
Event: 30.028 Thread 0x000000000222d800 Threw 0x00000007c0775f28 at C:\re\jdk7u80\2329\hotspot\src\share\vm\prims\jvm.cpp:1319
Event: 30.030 Thread 0x000000000222d800 Threw 0x00000007c0779830 at C:\re\jdk7u80\2329\hotspot\src\share\vm\prims\jvm.cpp:1319
Event: 30.031 Thread 0x000000000222d800 Threw 0x00000007c077cfb0 at C:\re\jdk7u80\2329\hotspot\src\share\vm\prims\jvm.cpp:1319
Event: 30.033 Thread 0x000000000222d800 Threw 0x00000007c0780520 at C:\re\jdk7u80\2329\hotspot\src\share\vm\prims\jvm.cpp:1319
Event: 30.033 Thread 0x000000000222d800 Threw 0x00000007c0781328 at C:\re\jdk7u80\2329\hotspot\src\share\vm\prims\jvm.cpp:1319
Event: 31.373 Thread 0x000000000222d800 Threw 0x00000007c07814c0 at C:\re\jdk7u80\2329\hotspot\src\share\vm\classfile\systemDictionary.cpp:174
Event: 31.373 Thread 0x000000000222d800 Threw 0x00000007c07814c0 at C:\re\jdk7u80\2329\hotspot\src\share\vm\prims\jni.cpp:717
Event: 31.373 Thread 0x000000000222d800 Threw 0x00000007c0781690 at C:\re\jdk7u80\2329\hotspot\src\share\vm\prims\jni.cpp:2973
Event: 31.373 Thread 0x000000000222d800 Threw 0x00000007c0781690 at C:\re\jdk7u80\2329\hotspot\src\share\vm\prims\jni.cpp:717

Events (10 events):
Event: 31.373 Executing VM operation: EnterInterpOnlyMode
Event: 31.373 Executing VM operation: EnterInterpOnlyMode done
Event: 31.373 Executing VM operation: GetCurrentLocation
Event: 31.373 Executing VM operation: GetCurrentLocation done
Event: 31.373 Executing VM operation: ChangeSingleStep
Event: 31.373 Executing VM operation: ChangeSingleStep done
Event: 31.373 Executing VM operation: ChangeSingleStep
Event: 31.373 Executing VM operation: ChangeSingleStep done
Event: 31.373 loading class 0x00000000022e71e0
Event: 31.373 loading class 0x00000000022e71e0 done


Dynamic libraries:
0x00007ff759ce0000 - 0x00007ff759d13000 	C:\Program Files\Java\jre7\bin\javaw.exe
0x00007ff860c00000 - 0x00007ff860dc1000 	C:\WINDOWS\SYSTEM32\ntdll.dll
0x00007ff85e690000 - 0x00007ff85e73d000 	C:\WINDOWS\system32\KERNEL32.DLL
0x00007ff85d4f0000 - 0x00007ff85d6d8000 	C:\WINDOWS\system32\KERNELBASE.dll
0x00007ff860920000 - 0x00007ff8609c7000 	C:\WINDOWS\system32\ADVAPI32.dll
0x00007ff85fe00000 - 0x00007ff85fe9d000 	C:\WINDOWS\system32\msvcrt.dll
0x00007ff8603f0000 - 0x00007ff86044b000 	C:\WINDOWS\system32\sechost.dll
0x00007ff8602d0000 - 0x00007ff8603ec000 	C:\WINDOWS\system32\RPCRT4.dll
0x00007ff85e160000 - 0x00007ff85e2b6000 	C:\WINDOWS\system32\USER32.dll
0x00007ff860a70000 - 0x00007ff860bf6000 	C:\WINDOWS\system32\GDI32.dll
0x00007ff853470000 - 0x00007ff8536e4000 	C:\WINDOWS\WinSxS\amd64_microsoft.windows.common-controls_6595b64144ccf1df_6.0.10586.0_none_8c15ae12515e1c22\COMCTL32.dll
0x00007ff860520000 - 0x00007ff86079d000 	C:\WINDOWS\system32\combase.dll
0x00007ff85d2b0000 - 0x00007ff85d31a000 	C:\WINDOWS\system32\bcryptPrimitives.dll
0x00007ff8609d0000 - 0x00007ff860a0b000 	C:\WINDOWS\system32\IMM32.DLL
0x000000005eb60000 - 0x000000005ec32000 	C:\Program Files\Java\jre7\bin\msvcr100.dll
0x000000005e380000 - 0x000000005eb59000 	C:\Program Files\Java\jre7\bin\server\jvm.dll
0x00007ff85e3a0000 - 0x00007ff85e3a8000 	C:\WINDOWS\system32\PSAPI.DLL
0x00007ff858310000 - 0x00007ff858319000 	C:\WINDOWS\SYSTEM32\WSOCK32.dll
0x00007ff85b440000 - 0x00007ff85b463000 	C:\WINDOWS\SYSTEM32\WINMM.dll
0x00007ff8607a0000 - 0x00007ff86080b000 	C:\WINDOWS\system32\WS2_32.dll
0x0000000000930000 - 0x000000000095c000 	C:\WINDOWS\SYSTEM32\WINMMBASE.dll
0x00007ff85df00000 - 0x00007ff85df43000 	C:\WINDOWS\system32\cfgmgr32.dll
0x000000005f840000 - 0x000000005f84f000 	C:\Program Files\Java\jre7\bin\verify.dll
0x000000005e350000 - 0x000000005e378000 	C:\Program Files\Java\jre7\bin\java.dll
0x000000005e270000 - 0x000000005e2a5000 	C:\Program Files\Java\jre7\bin\jdwp.dll
0x000000005e260000 - 0x000000005e268000 	C:\Program Files\Java\jre7\bin\npt.dll
0x000000005e330000 - 0x000000005e346000 	C:\Program Files\Java\jre7\bin\zip.dll
0x000000005e250000 - 0x000000005e259000 	C:\Program Files\Java\jre7\bin\dt_socket.dll
0x00007ff849e20000 - 0x00007ff849e36000 	C:\WINDOWS\system32\napinsp.dll
0x00007ff849ef0000 - 0x00007ff849f0a000 	C:\WINDOWS\system32\pnrpnsp.dll
0x00007ff85af00000 - 0x00007ff85af18000 	C:\WINDOWS\system32\NLAapi.dll
0x00007ff85caf0000 - 0x00007ff85cb4c000 	C:\WINDOWS\System32\mswsock.dll
0x00007ff85bbb0000 - 0x00007ff85bc5a000 	C:\WINDOWS\SYSTEM32\DNSAPI.dll
0x00007ff85e890000 - 0x00007ff85e898000 	C:\WINDOWS\system32\NSI.dll
0x00007ff84bbd0000 - 0x00007ff84bbdd000 	C:\WINDOWS\System32\winrnr.dll
0x00007ff8598b0000 - 0x00007ff8598c5000 	C:\WINDOWS\System32\wshbth.dll
0x00000000600b0000 - 0x00000000600d6000 	C:\Program Files\Bonjour\mdnsNSP.dll
0x00007ff858600000 - 0x00007ff858638000 	C:\WINDOWS\SYSTEM32\Iphlpapi.DLL
0x00007ff853ff0000 - 0x00007ff854057000 	C:\WINDOWS\System32\fwpuclnt.dll
0x00007ff85d150000 - 0x00007ff85d179000 	C:\WINDOWS\SYSTEM32\bcrypt.dll
0x00007ff8539c0000 - 0x00007ff8539ca000 	C:\Windows\System32\rasadhlp.dll
0x00007ff82f8d0000 - 0x00007ff82f9ef000 	C:\Users\raf60_000\Documents\RA Stuff\Myo Java\myo-java\src\main\resources\x64\myo64.dll
0x00007ff84bec0000 - 0x00007ff84becf000 	C:\Users\raf60_000\Documents\RA Stuff\Myo Java\myo-java\src\main\resources\x64\JNIJavaMyoLib.dll
0x0000000060140000 - 0x00000000601d8000 	C:\WINDOWS\SYSTEM32\MSVCP100.dll
0x00007ff85ccc0000 - 0x00007ff85cccb000 	C:\WINDOWS\SYSTEM32\CRYPTBASE.DLL
0x00007ff832f20000 - 0x00007ff8330ac000 	C:\WINDOWS\SYSTEM32\dbghelp.dll

VM Arguments:
jvm_args: -agentlib:jdwp=transport=dt_socket,suspend=y,address=localhost:63452 -Djava.library.path=C:\Users\raf60_000\Documents\RA Stuff\Myo Java\myo-java\src\main\resources\x64 -Dfile.encoding=Cp1252 
java_command: com.example.HelloMyo
Launcher Type: SUN_STANDARD

Environment Variables:
PATH=C:\Program Files (x86)\NVIDIA Corporation\PhysX\Common;C:\Program Files (x86)\Intel\iCLS Client\;C:\Program Files\Intel\iCLS Client\;C:\WINDOWS\system32;C:\WINDOWS;C:\WINDOWS\System32\Wbem;C:\WINDOWS\System32\WindowsPowerShell\v1.0\;C:\Program Files\Intel\Intel(R) Management Engine Components\DAL;C:\Program Files (x86)\Intel\Intel(R) Management Engine Components\DAL;C:\Program Files\Intel\Intel(R) Management Engine Components\IPT;C:\Program Files (x86)\Intel\Intel(R) Management Engine Components\IPT;C:\Program Files\Intel\WiFi\bin\;C:\Program Files\Common Files\Intel\WirelessCommon\;C:\MinGW\bin;C:\Program Files\Sublime Text 2;C:\Program Files (x86)\Livestreamer;C:\WINDOWS\system32\config\systemprofile\.dnx\bin;C:\Program Files\Microsoft DNX\Dnvm\;C:\Program Files (x86)\Windows Kits\8.1\Windows Performance Toolkit\;C:\Program Files\Microsoft SQL Server\110\Tools\Binn\;C:\Program Files\Git\cmd;C:\Program Files (x86)\Nordic Semiconductor\nrf5x\bin\;C:\Program Files\R\R-3.2.2\bin\x64;C:\Program Files (x86)\Skype\Phone\
USERNAME=raf60_000
OS=Windows_NT
PROCESSOR_IDENTIFIER=Intel64 Family 6 Model 61 Stepping 4, GenuineIntel



---------------  S Y S T E M  ---------------

OS: Windows 8.1 , 64 bit Build 9600 

CPU:total 4 (2 cores per cpu, 2 threads per core) family 6 model 61 stepping 4, cmov, cx8, fxsr, mmx, sse, sse2, sse3, ssse3, sse4.1, sse4.2, popcnt, avx, avx2, aes, erms, ht, tsc, tscinvbit

Memory: 4k page, physical 12492624k(6472100k free), swap 16531980k(7680432k free)

vm_info: Java HotSpot(TM) 64-Bit Server VM (24.80-b11) for windows-amd64 JRE (1.7.0_80-b15), built on Apr 10 2015 11:26:34 by "java_re" with unknown MS VC++:1600

time: Wed Feb 17 01:29:26 2016
elapsed time: 31 seconds

