#
# A fatal error has been detected by the Java Runtime Environment:
#
#  EXCEPTION_ACCESS_VIOLATION (0xc0000005) at pc=0x000000005e4a1a69, pid=11884, tid=3560
#
# JRE version: Java(TM) SE Runtime Environment (7.0_80-b15) (build 1.7.0_80-b15)
# Java VM: Java HotSpot(TM) 64-Bit Server VM (24.80-b11 mixed mode windows-amd64 compressed oops)
# Problematic frame:
# V  [jvm.dll+0x121a69]
#
# Failed to write core dump. Minidumps are not enabled by default on client versions of Windows
#
# If you would like to submit a bug report, please visit:
#   http://bugreport.java.com/bugreport/crash.jsp
#

---------------  T H R E A D  ---------------

Current thread (0x0000000002310800):  JavaThread "main" [_thread_in_vm, id=3560, stack(0x0000000002110000,0x0000000002210000)]

siginfo: ExceptionCode=0xc0000005, reading address 0x0000000000000000

Registers:
RAX=0x0000000000000000, RBX=0x0000000002310800, RCX=0x0000000002310800, RDX=0x00000007c077fc98
RSP=0x000000000220ea20, RBP=0x000000000cbdd4c0, RSI=0x0000000000000000, RDI=0x0000000000000000
R8 =0x0000000000000000, R9 =0x000000005ea7af80, R10=0x0000000002310800, R11=0x0000000000000200
R12=0x00052bf123cfddaf, R13=0x000000000cb70d58, R14=0x000000000cbdd4c0, R15=0x000000000220ee40
RIP=0x000000005e4a1a69, EFLAGS=0x0000000000010202

Top of Stack: (sp=0x000000000220ea20)
0x000000000220ea20:   00052bf123cfddaf 000000005e49aad6
0x000000000220ea30:   0000000002310800 000000000cbdd4c0
0x000000000220ea40:   000000000cb70d68 00000007c077fc98
0x000000000220ea50:   0000000002310800 0000000002310c58
0x000000000220ea60:   00000000000002cd 000000005e909080
0x000000000220ea70:   0000000000000000 00007ff858945204
0x000000000220ea80:   00000000023109e8 000000000cbdd4c0
0x000000000220ea90:   0000000000000000 000000000cbdd4c0
0x000000000220eaa0:   00000000023109e8 fffffffffffffffe
0x000000000220eab0:   000000000cbf8c50 000000000cbf0054
0x000000000220eac0:   0000000000000011 000000000000001f
0x000000000220ead0:   00052bf123cfddaf 000068497c167846
0x000000000220eae0:   000000000cb70d48 00007ff8589457c5
0x000000000220eaf0:   00000000023109e8 000000000cb879e8
0x000000000220eb00:   00000000023109e8 000000000cbdd4c0
0x000000000220eb10:   000000000cb879e8 000000000cbdd4c0 

Instructions: (pc=0x000000005e4a1a69)
0x000000005e4a1a49:   8b 0e 45 33 c0 33 d2 48 8b cb c6 44 24 28 01 48
0x000000005e4a1a59:   89 74 24 20 e8 4e 94 06 00 40 38 3d a7 87 63 00
0x000000005e4a1a69:   48 8b 06 48 63 4e 10 48 8b 50 78 74 1b 8b 0c 11
0x000000005e4a1a79:   85 c9 74 18 8b f9 8b 0d 33 8e 5d 00 48 d3 e7 48 


Register to memory mapping:

RAX=0x0000000000000000 is an unknown value
RBX=0x0000000002310800 is a thread
RCX=0x0000000002310800 is a thread
RDX=0x00000007c077fc98 is an oop
java.lang.NoSuchFieldError 
 - klass: 'java/lang/NoSuchFieldError'
RSP=0x000000000220ea20 is pointing into the stack for thread: 0x0000000002310800
RBP=0x000000000cbdd4c0 is an unknown value
RSI=0x0000000000000000 is an unknown value
RDI=0x0000000000000000 is an unknown value
R8 =0x0000000000000000 is an unknown value
R9 =0x000000005ea7af80 is an unknown value
R10=0x0000000002310800 is a thread
R11=0x0000000000000200 is an unknown value
R12=0x00052bf123cfddaf is an unknown value
R13=0x000000000cb70d58 is an unknown value
R14=0x000000000cbdd4c0 is an unknown value
R15=0x000000000220ee40 is pointing into the stack for thread: 0x0000000002310800


Stack: [0x0000000002110000,0x0000000002210000],  sp=0x000000000220ea20,  free space=1018k
Native frames: (J=compiled Java code, j=interpreted, Vv=VM code, C=native code)
V  [jvm.dll+0x121a69]

Java frames: (J=compiled Java code, j=interpreted, Vv=VM code)
j  com.thalmic.myo.Hub.run(I)V+0
j  test.HelloMyo.main([Ljava/lang/String;)V+32
v  ~StubRoutines::call_stub

---------------  P R O C E S S  ---------------

Java Threads: ( => current thread )
  0x000000000cbc3000 JavaThread "Service Thread" daemon [_thread_blocked, id=12956, stack(0x000000000e330000,0x000000000e430000)]
  0x000000000cbb6800 JavaThread "C2 CompilerThread1" daemon [_thread_blocked, id=5964, stack(0x000000000e230000,0x000000000e330000)]
  0x000000000cbb4800 JavaThread "C2 CompilerThread0" daemon [_thread_blocked, id=3496, stack(0x000000000e130000,0x000000000e230000)]
  0x000000000cbb3800 JavaThread "Attach Listener" daemon [_thread_blocked, id=5484, stack(0x000000000e030000,0x000000000e130000)]
  0x000000000cbb0800 JavaThread "Signal Dispatcher" daemon [_thread_blocked, id=8236, stack(0x000000000df30000,0x000000000e030000)]
  0x000000000cb7e800 JavaThread "Finalizer" daemon [_thread_blocked, id=11640, stack(0x000000000de30000,0x000000000df30000)]
  0x000000000cb74000 JavaThread "Reference Handler" daemon [_thread_blocked, id=4832, stack(0x000000000dd30000,0x000000000de30000)]
=>0x0000000002310800 JavaThread "main" [_thread_in_vm, id=3560, stack(0x0000000002110000,0x0000000002210000)]

Other Threads:
  0x000000000cb70000 VMThread [stack: 0x000000000dc30000,0x000000000dd30000] [id=8424]
  0x000000000cbdc000 WatcherThread [stack: 0x000000000e430000,0x000000000e530000] [id=11196]

VM state:not at safepoint (normal execution)

VM Mutex/Monitor currently owned by a thread: None

Heap
 PSYoungGen      total 57344K, used 1986K [0x00000007c0700000, 0x00000007c4680000, 0x0000000800000000)
  eden space 49664K, 4% used [0x00000007c0700000,0x00000007c08f0b28,0x00000007c3780000)
  from space 7680K, 0% used [0x00000007c3f00000,0x00000007c3f00000,0x00000007c4680000)
  to   space 7680K, 0% used [0x00000007c3780000,0x00000007c3780000,0x00000007c3f00000)
 ParOldGen       total 130048K, used 0K [0x0000000741600000, 0x0000000749500000, 0x00000007c0700000)
  object space 130048K, 0% used [0x0000000741600000,0x0000000741600000,0x0000000749500000)
 PSPermGen       total 21504K, used 2703K [0x000000073c400000, 0x000000073d900000, 0x0000000741600000)
  object space 21504K, 12% used [0x000000073c400000,0x000000073c6a3fb0,0x000000073d900000)

Card table byte_map: [0x0000000005410000,0x0000000005a30000] byte_map_base: 0x0000000001a2e000

Polling page: 0x0000000000410000

Code Cache  [0x0000000002410000, 0x0000000002680000, 0x0000000005410000)
 total_blobs=169 nmethods=0 adapters=137 free_code_cache=48771Kb largest_free_block=49942400

Compilation events (0 events):
No events

GC Heap History (0 events):
No events

Deoptimization events (0 events):
No events

Internal exceptions (10 events):
Event: 0.097 Thread 0x0000000002310800 Threw 0x00000007c0770468 at C:\re\jdk7u80\2329\hotspot\src\share\vm\prims\jvm.cpp:1319
Event: 0.098 Thread 0x0000000002310800 Threw 0x00000007c07744f0 at C:\re\jdk7u80\2329\hotspot\src\share\vm\prims\jvm.cpp:1319
Event: 0.099 Thread 0x0000000002310800 Threw 0x00000007c0777e38 at C:\re\jdk7u80\2329\hotspot\src\share\vm\prims\jvm.cpp:1319
Event: 0.099 Thread 0x0000000002310800 Threw 0x00000007c077b5b8 at C:\re\jdk7u80\2329\hotspot\src\share\vm\prims\jvm.cpp:1319
Event: 0.100 Thread 0x0000000002310800 Threw 0x00000007c077eb28 at C:\re\jdk7u80\2329\hotspot\src\share\vm\prims\jvm.cpp:1319
Event: 0.100 Thread 0x0000000002310800 Threw 0x00000007c077f930 at C:\re\jdk7u80\2329\hotspot\src\share\vm\prims\jvm.cpp:1319
Event: 0.100 Thread 0x0000000002310800 Threw 0x00000007c077fac8 at C:\re\jdk7u80\2329\hotspot\src\share\vm\classfile\systemDictionary.cpp:174
Event: 0.100 Thread 0x0000000002310800 Threw 0x00000007c077fac8 at C:\re\jdk7u80\2329\hotspot\src\share\vm\prims\jni.cpp:717
Event: 0.100 Thread 0x0000000002310800 Threw 0x00000007c077fc98 at C:\re\jdk7u80\2329\hotspot\src\share\vm\prims\jni.cpp:2973
Event: 0.100 Thread 0x0000000002310800 Threw 0x00000007c077fc98 at C:\re\jdk7u80\2329\hotspot\src\share\vm\prims\jni.cpp:717

Events (10 events):
Event: 0.098 loading class 0x000000000cbdc780
Event: 0.098 loading class 0x000000000cbdc780 done
Event: 0.099 loading class 0x000000000cbf9100
Event: 0.099 loading class 0x000000000cbf9100 done
Event: 0.099 loading class 0x000000000cbdd400
Event: 0.099 loading class 0x000000000cbdd400 done
Event: 0.100 loading class 0x000000000cbdd540
Event: 0.100 loading class 0x000000000cbdd540 done
Event: 0.100 loading class 0x0000000002356ab0
Event: 0.100 loading class 0x0000000002356ab0 done


Dynamic libraries:
0x00007ff759ce0000 - 0x00007ff759d13000 	C:\Program Files\Java\jre7\bin\javaw.exe
0x00007ff860c00000 - 0x00007ff860dc1000 	C:\WINDOWS\SYSTEM32\ntdll.dll
0x00007ff85e690000 - 0x00007ff85e73d000 	C:\WINDOWS\system32\KERNEL32.DLL
0x00007ff85d4f0000 - 0x00007ff85d6d8000 	C:\WINDOWS\system32\KERNELBASE.dll
0x00007ff860920000 - 0x00007ff8609c7000 	C:\WINDOWS\system32\ADVAPI32.dll
0x00007ff85fe00000 - 0x00007ff85fe9d000 	C:\WINDOWS\system32\msvcrt.dll
0x00007ff8603f0000 - 0x00007ff86044b000 	C:\WINDOWS\system32\sechost.dll
0x00007ff8602d0000 - 0x00007ff8603ec000 	C:\WINDOWS\system32\RPCRT4.dll
0x00007ff85e160000 - 0x00007ff85e2b6000 	C:\WINDOWS\system32\USER32.dll
0x00007ff860a70000 - 0x00007ff860bf6000 	C:\WINDOWS\system32\GDI32.dll
0x00007ff853470000 - 0x00007ff8536e4000 	C:\WINDOWS\WinSxS\amd64_microsoft.windows.common-controls_6595b64144ccf1df_6.0.10586.0_none_8c15ae12515e1c22\COMCTL32.dll
0x00007ff860520000 - 0x00007ff86079d000 	C:\WINDOWS\system32\combase.dll
0x00007ff85d2b0000 - 0x00007ff85d31a000 	C:\WINDOWS\system32\bcryptPrimitives.dll
0x00007ff8609d0000 - 0x00007ff860a0b000 	C:\WINDOWS\system32\IMM32.DLL
0x000000005eb60000 - 0x000000005ec32000 	C:\Program Files\Java\jre7\bin\msvcr100.dll
0x000000005e380000 - 0x000000005eb59000 	C:\Program Files\Java\jre7\bin\server\jvm.dll
0x00007ff85e3a0000 - 0x00007ff85e3a8000 	C:\WINDOWS\system32\PSAPI.DLL
0x00007ff858310000 - 0x00007ff858319000 	C:\WINDOWS\SYSTEM32\WSOCK32.dll
0x00007ff85b440000 - 0x00007ff85b463000 	C:\WINDOWS\SYSTEM32\WINMM.dll
0x00007ff8607a0000 - 0x00007ff86080b000 	C:\WINDOWS\system32\WS2_32.dll
0x00007ff85b410000 - 0x00007ff85b43c000 	C:\WINDOWS\SYSTEM32\WINMMBASE.dll
0x00007ff85df00000 - 0x00007ff85df43000 	C:\WINDOWS\system32\cfgmgr32.dll
0x000000005f840000 - 0x000000005f84f000 	C:\Program Files\Java\jre7\bin\verify.dll
0x000000005e350000 - 0x000000005e378000 	C:\Program Files\Java\jre7\bin\java.dll
0x000000005e330000 - 0x000000005e346000 	C:\Program Files\Java\jre7\bin\zip.dll
0x00007ff837110000 - 0x00007ff83722f000 	C:\Users\raf60_000\Documents\RA Stuff\Myo Java\myo-java\src\main\resources\x64\myo64.dll
0x00007ff858940000 - 0x00007ff85894f000 	C:\Users\raf60_000\Documents\RA Stuff\Myo Java\myo-java\src\main\resources\x64\JNIJavaMyoLib.dll
0x0000000060140000 - 0x00000000601d8000 	C:\WINDOWS\SYSTEM32\MSVCP100.dll
0x00007ff85ccc0000 - 0x00007ff85cccb000 	C:\WINDOWS\SYSTEM32\CRYPTBASE.DLL
0x00007ff85caf0000 - 0x00007ff85cb4c000 	C:\WINDOWS\system32\mswsock.dll
0x00007ff832f20000 - 0x00007ff8330ac000 	C:\WINDOWS\SYSTEM32\dbghelp.dll

VM Arguments:
jvm_args: -Djava.library.path=C:\Users\raf60_000\Documents\RA Stuff\Myo Java\myo-java\src\main\resources\x64 -Dfile.encoding=Cp1252 
java_command: test.HelloMyo
Launcher Type: SUN_STANDARD

Environment Variables:
PATH=C:\Program Files (x86)\NVIDIA Corporation\PhysX\Common;C:\Program Files (x86)\Intel\iCLS Client\;C:\Program Files\Intel\iCLS Client\;C:\WINDOWS\system32;C:\WINDOWS;C:\WINDOWS\System32\Wbem;C:\WINDOWS\System32\WindowsPowerShell\v1.0\;C:\Program Files\Intel\Intel(R) Management Engine Components\DAL;C:\Program Files (x86)\Intel\Intel(R) Management Engine Components\DAL;C:\Program Files\Intel\Intel(R) Management Engine Components\IPT;C:\Program Files (x86)\Intel\Intel(R) Management Engine Components\IPT;C:\Program Files\Intel\WiFi\bin\;C:\Program Files\Common Files\Intel\WirelessCommon\;C:\MinGW\bin;C:\Program Files\Sublime Text 2;C:\Program Files (x86)\Livestreamer;C:\WINDOWS\system32\config\systemprofile\.dnx\bin;C:\Program Files\Microsoft DNX\Dnvm\;C:\Program Files (x86)\Windows Kits\8.1\Windows Performance Toolkit\;C:\Program Files\Microsoft SQL Server\110\Tools\Binn\;C:\Program Files\Git\cmd;C:\Program Files (x86)\Nordic Semiconductor\nrf5x\bin\;C:\Program Files\R\R-3.2.2\bin\x64;C:\Program Files (x86)\Skype\Phone\
USERNAME=raf60_000
OS=Windows_NT
PROCESSOR_IDENTIFIER=Intel64 Family 6 Model 61 Stepping 4, GenuineIntel



---------------  S Y S T E M  ---------------

OS: Windows 8.1 , 64 bit Build 9600 

CPU:total 4 (2 cores per cpu, 2 threads per core) family 6 model 61 stepping 4, cmov, cx8, fxsr, mmx, sse, sse2, sse3, ssse3, sse4.1, sse4.2, popcnt, avx, avx2, aes, erms, ht, tsc, tscinvbit

Memory: 4k page, physical 12492624k(6351000k free), swap 16531980k(7232500k free)

vm_info: Java HotSpot(TM) 64-Bit Server VM (24.80-b11) for windows-amd64 JRE (1.7.0_80-b15), built on Apr 10 2015 11:26:34 by "java_re" with unknown MS VC++:1600

time: Wed Feb 17 01:19:32 2016
elapsed time: 0 seconds

